<?xml version="1.0" encoding="UTF-8"?>
<testng-results ignored="0" total="1" passed="1" failed="0" skipped="0">
  <reporter-output>
  </reporter-output>
  <suite started-at="2020-02-11T01:07:31 IST" name="Default suite" finished-at="2020-02-11T01:07:49 IST" duration-ms="17301">
    <groups>
    </groups>
    <test started-at="2020-02-11T01:07:31 IST" name="Default test" finished-at="2020-02-11T01:07:49 IST" duration-ms="17301">
      <class name="com.company.MainTest">
        <test-method signature="registerUser()[pri:0, instance:com.company.MainTest@5ad851c9]" started-at="2020-02-11T01:07:31 IST" name="registerUser" finished-at="2020-02-11T01:07:49 IST" duration-ms="17272" status="PASS">
          <reporter-output>
          </reporter-output>
        </test-method> <!-- registerUser -->
      </class> <!-- com.company.MainTest -->
    </test> <!-- Default test -->
  </suite> <!-- Default suite -->
</testng-results>
